#
# There is insufficient memory for the Java Runtime Environment to continue.
# Native memory allocation (malloc) failed to allocate 490128 bytes for Chunk::new
# Possible reasons:
#   The system is out of physical RAM or swap space
#   The process is running with CompressedOops enabled, and the Java Heap may be blocking the growth of the native heap
# Possible solutions:
#   Reduce memory load on the system
#   Increase physical memory or swap space
#   Check if swap backing store is full
#   Decrease Java heap size (-Xmx/-Xms)
#   Decrease number of Java threads
#   Decrease Java thread stack sizes (-Xss)
#   Set larger code cache with -XX:ReservedCodeCacheSize=
#   JVM is running with Unscaled Compressed Oops mode in which the Java heap is
#     placed in the first 4GB address space. The Java Heap base address is the
#     maximum limit for the native heap growth. Please use -XX:HeapBaseMinAddress
#     to set the Java Heap base and to place the Java Heap above 4GB virtual address.
# This output file may be truncated or incomplete.
#
#  Out of Memory Error (allocation.cpp:389), pid=24532, tid=0x0000000000006df4
#
# JRE version: Java(TM) SE Runtime Environment (8.0_311-b11) (build 1.8.0_311-b11)
# Java VM: Java HotSpot(TM) 64-Bit Server VM (25.311-b11 mixed mode windows-amd64 compressed oops)
# Failed to write core dump. Minidumps are not enabled by default on client versions of Windows
#

---------------  T H R E A D  ---------------

Current thread (0x00000163babf8800):  JavaThread "C2 CompilerThread1" daemon [_thread_in_native, id=28148, stack(0x000000560df00000,0x000000560e000000)]

Stack: [0x000000560df00000,0x000000560e000000]
Native frames: (J=compiled Java code, j=interpreted, Vv=VM code, C=native code)
V  [jvm.dll+0x32f239]
V  [jvm.dll+0x275882]
V  [jvm.dll+0x27652d]
V  [jvm.dll+0x26cf65]
V  [jvm.dll+0xd558c]
V  [jvm.dll+0xd5d8c]
V  [jvm.dll+0x470b65]
V  [jvm.dll+0x437f2e]
V  [jvm.dll+0x441215]
V  [jvm.dll+0x4405d5]
V  [jvm.dll+0x42b38b]
V  [jvm.dll+0xac22b]
V  [jvm.dll+0xaa88b]
V  [jvm.dll+0x23df22]
V  [jvm.dll+0x29253c]
C  [ucrtbase.dll+0x21bb2]
C  [KERNEL32.DLL+0x17034]
C  [ntdll.dll+0x52651]


Current CompileTask:
C2:   4173 2652       4       java.net.URLClassLoader$1::run (5 bytes)


---------------  P R O C E S S  ---------------

Java Threads: ( => current thread )
  0x00000163bd2b6800 JavaThread "restartedMain" [_thread_in_Java, id=12224, stack(0x000000560e500000,0x000000560e600000)]
  0x00000163bd45b800 JavaThread "Thread-0" [_thread_blocked, id=28588, stack(0x000000560e400000,0x000000560e500000)]
  0x00000163bca60800 JavaThread "Service Thread" daemon [_thread_blocked, id=31388, stack(0x000000560e200000,0x000000560e300000)]
  0x00000163bac0e000 JavaThread "C1 CompilerThread3" daemon [_thread_in_vm, id=10396, stack(0x000000560e100000,0x000000560e200000)]
  0x00000163bac05800 JavaThread "C2 CompilerThread2" daemon [_thread_blocked, id=24604, stack(0x000000560e000000,0x000000560e100000)]
=>0x00000163babf8800 JavaThread "C2 CompilerThread1" daemon [_thread_in_native, id=28148, stack(0x000000560df00000,0x000000560e000000)]
  0x00000163babf6800 JavaThread "C2 CompilerThread0" daemon [_thread_in_native, id=24896, stack(0x000000560de00000,0x000000560df00000)]
  0x00000163babf3000 JavaThread "Attach Listener" daemon [_thread_blocked, id=12400, stack(0x000000560dd00000,0x000000560de00000)]
  0x00000163babf1800 JavaThread "Signal Dispatcher" daemon [_thread_blocked, id=8488, stack(0x000000560dc00000,0x000000560dd00000)]
  0x00000163babc8800 JavaThread "Finalizer" daemon [_thread_blocked, id=19100, stack(0x000000560db00000,0x000000560dc00000)]
  0x00000163babc0800 JavaThread "Reference Handler" daemon [_thread_blocked, id=8584, stack(0x000000560da00000,0x000000560db00000)]
  0x00000163a49cf000 JavaThread "main" [_thread_blocked, id=2804, stack(0x000000560cf00000,0x000000560d000000)]

Other Threads:
  0x00000163bab96000 VMThread [stack: 0x000000560d900000,0x000000560da00000] [id=15548]
  0x00000163bcaa5000 WatcherThread [stack: 0x000000560e300000,0x000000560e400000] [id=25716]

VM state:not at safepoint (normal execution)

VM Mutex/Monitor currently owned by a thread:  ([mutex/lock_event])
[0x00000163a49c77f0] Patching_lock - owner thread: 0x00000163bd2b6800

heap address: 0x0000000081c00000, size: 2020 MB, Compressed Oops mode: 32-bit
Narrow klass base: 0x0000000000000000, Narrow klass shift: 3
Compressed class space size: 1073741824 Address: 0x0000000100000000

Heap:
 PSYoungGen      total 132096K, used 50108K [0x00000000d5f00000, 0x00000000df300000, 0x0000000100000000)
  eden space 123392K, 33% used [0x00000000d5f00000,0x00000000d87aad30,0x00000000dd780000)
  from space 8704K, 97% used [0x00000000dea80000,0x00000000df2c4388,0x00000000df300000)
  to   space 10240K, 0% used [0x00000000ddf00000,0x00000000ddf00000,0x00000000de900000)
 ParOldGen       total 48128K, used 6347K [0x0000000081c00000, 0x0000000084b00000, 0x00000000d5f00000)
  object space 48128K, 13% used [0x0000000081c00000,0x0000000082232ef8,0x0000000084b00000)
 Metaspace       used 28270K, capacity 29628K, committed 29952K, reserved 1075200K
  class space    used 3678K, capacity 3999K, committed 4096K, reserved 1048576K

Card table byte_map: [0x00000163b57a0000,0x00000163b5ba0000] byte_map_base: 0x00000163b5392000

Marking Bits: (ParMarkBitMap*) 0x0000000061508030
 Begin Bits: [0x00000163b5e50000, 0x00000163b7de0000)
 End Bits:   [0x00000163b7de0000, 0x00000163b9d70000)

Polling page: 0x00000163a4b70000

CodeCache: size=245760Kb used=9071Kb max_used=9071Kb free=236688Kb
 bounds [0x00000163a63e0000, 0x00000163a6cd0000, 0x00000163b53e0000]
 total_blobs=3147 nmethods=2760 adapters=299
 compilation: enabled

Compilation events (10 events):
Event: 4.087 Thread 0x00000163bac0e000 nmethod 2753 0x00000163a6cb4b50 code [0x00000163a6cb4d00, 0x00000163a6cb5260]
Event: 4.087 Thread 0x00000163bac0e000 2752       1       org.springframework.beans.BeanMetadataAttribute::getValue (5 bytes)
Event: 4.087 Thread 0x00000163bac0e000 nmethod 2752 0x00000163a6ca5190 code [0x00000163a6ca52e0, 0x00000163a6ca53f8]
Event: 4.088 Thread 0x00000163babf6800 nmethod 2732 0x00000163a6cb54d0 code [0x00000163a6cb5700, 0x00000163a6cb6bc8]
Event: 4.088 Thread 0x00000163babf6800 2751       4       java.util.LinkedHashMap$LinkedKeyIterator::next (8 bytes)
Event: 4.089 Thread 0x00000163babf6800 nmethod 2751 0x00000163a6ca4e90 code [0x00000163a6ca4fc0, 0x00000163a6ca5098]
Event: 4.091 Thread 0x00000163bac05800 nmethod 2747 0x00000163a6cb1010 code [0x00000163a6cb11a0, 0x00000163a6cb16f8]
Event: 4.100 Thread 0x00000163babf6800 2756   !   4       java.net.URLClassLoader$1::run (81 bytes)
Event: 4.113 Thread 0x00000163bac0e000 2757  s    1       java.lang.StringBuffer::length (5 bytes)
Event: 4.113 Thread 0x00000163bac0e000 nmethod 2757 0x00000163a6cb0bd0 code [0x00000163a6cb0d20, 0x00000163a6cb0f98]

GC Heap History (10 events):
Event: 2.117 GC heap before
{Heap before GC invocations=3 (full 0):
 PSYoungGen      total 38400K, used 38392K [0x00000000d5f00000, 0x00000000d8980000, 0x0000000100000000)
  eden space 33280K, 100% used [0x00000000d5f00000,0x00000000d7f80000,0x00000000d7f80000)
  from space 5120K, 99% used [0x00000000d8480000,0x00000000d897e130,0x00000000d8980000)
  to   space 5120K, 0% used [0x00000000d7f80000,0x00000000d7f80000,0x00000000d8480000)
 ParOldGen       total 87552K, used 1172K [0x0000000081c00000, 0x0000000087180000, 0x00000000d5f00000)
  object space 87552K, 1% used [0x0000000081c00000,0x0000000081d253b0,0x0000000087180000)
 Metaspace       used 16848K, capacity 17642K, committed 17792K, reserved 1064960K
  class space    used 2151K, capacity 2349K, committed 2432K, reserved 1048576K
Event: 2.123 GC heap after
Heap after GC invocations=3 (full 0):
 PSYoungGen      total 38400K, used 5106K [0x00000000d5f00000, 0x00000000daa00000, 0x0000000100000000)
  eden space 33280K, 0% used [0x00000000d5f00000,0x00000000d5f00000,0x00000000d7f80000)
  from space 5120K, 99% used [0x00000000d7f80000,0x00000000d847c9f8,0x00000000d8480000)
  to   space 5120K, 0% used [0x00000000da500000,0x00000000da500000,0x00000000daa00000)
 ParOldGen       total 87552K, used 3354K [0x0000000081c00000, 0x0000000087180000, 0x00000000d5f00000)
  object space 87552K, 3% used [0x0000000081c00000,0x0000000081f46af0,0x0000000087180000)
 Metaspace       used 16848K, capacity 17642K, committed 17792K, reserved 1064960K
  class space    used 2151K, capacity 2349K, committed 2432K, reserved 1048576K
}
Event: 2.390 GC heap before
{Heap before GC invocations=4 (full 0):
 PSYoungGen      total 38400K, used 38386K [0x00000000d5f00000, 0x00000000daa00000, 0x0000000100000000)
  eden space 33280K, 100% used [0x00000000d5f00000,0x00000000d7f80000,0x00000000d7f80000)
  from space 5120K, 99% used [0x00000000d7f80000,0x00000000d847c9f8,0x00000000d8480000)
  to   space 5120K, 0% used [0x00000000da500000,0x00000000da500000,0x00000000daa00000)
 ParOldGen       total 87552K, used 3361K [0x0000000081c00000, 0x0000000087180000, 0x00000000d5f00000)
  object space 87552K, 3% used [0x0000000081c00000,0x0000000081f48700,0x0000000087180000)
 Metaspace       used 20012K, capacity 20916K, committed 20992K, reserved 1067008K
  class space    used 2599K, capacity 2816K, committed 2816K, reserved 1048576K
Event: 2.399 GC heap after
Heap after GC invocations=4 (full 0):
 PSYoungGen      total 71680K, used 5099K [0x00000000d5f00000, 0x00000000daa00000, 0x0000000100000000)
  eden space 66560K, 0% used [0x00000000d5f00000,0x00000000d5f00000,0x00000000da000000)
  from space 5120K, 99% used [0x00000000da500000,0x00000000da9facd0,0x00000000daa00000)
  to   space 5120K, 0% used [0x00000000da000000,0x00000000da000000,0x00000000da500000)
 ParOldGen       total 87552K, used 6854K [0x0000000081c00000, 0x0000000087180000, 0x00000000d5f00000)
  object space 87552K, 7% used [0x0000000081c00000,0x00000000822b18e0,0x0000000087180000)
 Metaspace       used 20012K, capacity 20916K, committed 20992K, reserved 1067008K
  class space    used 2599K, capacity 2816K, committed 2816K, reserved 1048576K
}
Event: 2.408 GC heap before
{Heap before GC invocations=5 (full 0):
 PSYoungGen      total 71680K, used 7630K [0x00000000d5f00000, 0x00000000daa00000, 0x0000000100000000)
  eden space 66560K, 3% used [0x00000000d5f00000,0x00000000d6178b50,0x00000000da000000)
  from space 5120K, 99% used [0x00000000da500000,0x00000000da9facd0,0x00000000daa00000)
  to   space 5120K, 0% used [0x00000000da000000,0x00000000da000000,0x00000000da500000)
 ParOldGen       total 87552K, used 6854K [0x0000000081c00000, 0x0000000087180000, 0x00000000d5f00000)
  object space 87552K, 7% used [0x0000000081c00000,0x00000000822b18e0,0x0000000087180000)
 Metaspace       used 20259K, capacity 21140K, committed 21296K, reserved 1067008K
  class space    used 2626K, capacity 2848K, committed 2944K, reserved 1048576K
Event: 2.419 GC heap after
Heap after GC invocations=5 (full 0):
 PSYoungGen      total 71680K, used 5112K [0x00000000d5f00000, 0x00000000df400000, 0x0000000100000000)
  eden space 66560K, 0% used [0x00000000d5f00000,0x00000000d5f00000,0x00000000da000000)
  from space 5120K, 99% used [0x00000000da000000,0x00000000da4fe178,0x00000000da500000)
  to   space 9728K, 0% used [0x00000000dea80000,0x00000000dea80000,0x00000000df400000)
 ParOldGen       total 87552K, used 7146K [0x0000000081c00000, 0x0000000087180000, 0x00000000d5f00000)
  object space 87552K, 8% used [0x0000000081c00000,0x00000000822fa808,0x0000000087180000)
 Metaspace       used 20259K, capacity 21140K, committed 21296K, reserved 1067008K
  class space    used 2626K, capacity 2848K, committed 2944K, reserved 1048576K
}
Event: 2.419 GC heap before
{Heap before GC invocations=6 (full 1):
 PSYoungGen      total 71680K, used 5112K [0x00000000d5f00000, 0x00000000df400000, 0x0000000100000000)
  eden space 66560K, 0% used [0x00000000d5f00000,0x00000000d5f00000,0x00000000da000000)
  from space 5120K, 99% used [0x00000000da000000,0x00000000da4fe178,0x00000000da500000)
  to   space 9728K, 0% used [0x00000000dea80000,0x00000000dea80000,0x00000000df400000)
 ParOldGen       total 87552K, used 7146K [0x0000000081c00000, 0x0000000087180000, 0x00000000d5f00000)
  object space 87552K, 8% used [0x0000000081c00000,0x00000000822fa808,0x0000000087180000)
 Metaspace       used 20259K, capacity 21140K, committed 21296K, reserved 1067008K
  class space    used 2626K, capacity 2848K, committed 2944K, reserved 1048576K
Event: 2.469 GC heap after
Heap after GC invocations=6 (full 1):
 PSYoungGen      total 71680K, used 0K [0x00000000d5f00000, 0x00000000df400000, 0x0000000100000000)
  eden space 66560K, 0% used [0x00000000d5f00000,0x00000000d5f00000,0x00000000da000000)
  from space 5120K, 0% used [0x00000000da000000,0x00000000da000000,0x00000000da500000)
  to   space 9728K, 0% used [0x00000000dea80000,0x00000000dea80000,0x00000000df400000)
 ParOldGen       total 48128K, used 6336K [0x0000000081c00000, 0x0000000084b00000, 0x00000000d5f00000)
  object space 48128K, 13% used [0x0000000081c00000,0x00000000822300b8,0x0000000084b00000)
 Metaspace       used 20259K, capacity 21140K, committed 21296K, reserved 1067008K
  class space    used 2626K, capacity 2848K, committed 2944K, reserved 1048576K
}
Event: 3.455 GC heap before
{Heap before GC invocations=7 (full 1):
 PSYoungGen      total 71680K, used 66560K [0x00000000d5f00000, 0x00000000df400000, 0x0000000100000000)
  eden space 66560K, 100% used [0x00000000d5f00000,0x00000000da000000,0x00000000da000000)
  from space 5120K, 0% used [0x00000000da000000,0x00000000da000000,0x00000000da500000)
  to   space 9728K, 0% used [0x00000000dea80000,0x00000000dea80000,0x00000000df400000)
 ParOldGen       total 48128K, used 6339K [0x0000000081c00000, 0x0000000084b00000, 0x00000000d5f00000)
  object space 48128K, 13% used [0x0000000081c00000,0x0000000082230ef8,0x0000000084b00000)
 Metaspace       used 25725K, capacity 26948K, committed 27264K, reserved 1073152K
  class space    used 3334K, capacity 3637K, committed 3712K, reserved 1048576K
Event: 3.463 GC heap after
Heap after GC invocations=7 (full 1):
 PSYoungGen      total 132096K, used 8464K [0x00000000d5f00000, 0x00000000df300000, 0x0000000100000000)
  eden space 123392K, 0% used [0x00000000d5f00000,0x00000000d5f00000,0x00000000dd780000)
  from space 8704K, 97% used [0x00000000dea80000,0x00000000df2c4388,0x00000000df300000)
  to   space 10240K, 0% used [0x00000000ddf00000,0x00000000ddf00000,0x00000000de900000)
 ParOldGen       total 48128K, used 6347K [0x0000000081c00000, 0x0000000084b00000, 0x00000000d5f00000)
  object space 48128K, 13% used [0x0000000081c00000,0x0000000082232ef8,0x0000000084b00000)
 Metaspace       used 25725K, capacity 26948K, committed 27264K, reserved 1073152K
  class space    used 3334K, capacity 3637K, committed 3712K, reserved 1048576K
}

Deoptimization events (10 events):
Event: 3.451 Thread 0x00000163bd2b6800 Uncommon trap: reason=array_check action=maybe_recompile pc=0x00000163a6b27b44 method=java.util.AbstractCollection.toArray([Ljava/lang/Object;)[Ljava/lang/Object; @ 119
Event: 3.451 Thread 0x00000163bd2b6800 Uncommon trap: reason=array_check action=maybe_recompile pc=0x00000163a6b27b44 method=java.util.AbstractCollection.toArray([Ljava/lang/Object;)[Ljava/lang/Object; @ 119
Event: 3.452 Thread 0x00000163bd2b6800 Uncommon trap: reason=array_check action=maybe_recompile pc=0x00000163a6b27b44 method=java.util.AbstractCollection.toArray([Ljava/lang/Object;)[Ljava/lang/Object; @ 119
Event: 3.564 Thread 0x00000163bd2b6800 Uncommon trap: reason=class_check action=maybe_recompile pc=0x00000163a650c268 method=java.lang.String.equals(Ljava/lang/Object;)Z @ 8
Event: 3.564 Thread 0x00000163bd2b6800 Uncommon trap: reason=class_check action=maybe_recompile pc=0x00000163a650c268 method=java.lang.String.equals(Ljava/lang/Object;)Z @ 8
Event: 3.564 Thread 0x00000163bd2b6800 Uncommon trap: reason=class_check action=maybe_recompile pc=0x00000163a650c268 method=java.lang.String.equals(Ljava/lang/Object;)Z @ 8
Event: 3.566 Thread 0x00000163bd2b6800 Uncommon trap: reason=unstable_if action=reinterpret pc=0x00000163a6b2a62c method=org.springframework.core.annotation.MergedAnnotationsCollection.isMappingForType(Lorg/springframework/core/annotation/AnnotationTypeMapping;Ljava/lang/Object;)Z @ 13
Event: 3.566 Thread 0x00000163bd2b6800 Uncommon trap: reason=class_check action=maybe_recompile pc=0x00000163a650c268 method=java.lang.String.equals(Ljava/lang/Object;)Z @ 8
Event: 3.734 Thread 0x00000163bd2b6800 Uncommon trap: reason=unstable_if action=reinterpret pc=0x00000163a6818cb8 method=java.util.Arrays.equals([Ljava/lang/Object;[Ljava/lang/Object;)Z @ 65
Event: 4.080 Thread 0x00000163bd2b6800 Uncommon trap: reason=unstable_if action=reinterpret pc=0x00000163a6c7cf4c method=org.springframework.beans.factory.support.AbstractBeanFactory.isTypeMatch(Ljava/lang/String;Lorg/springframework/core/ResolvableType;Z)Z @ 99

Classes redefined (0 events):
No events

Internal exceptions (10 events):
Event: 2.546 Thread 0x00000163bd2b6800 Exception <a 'java/lang/ClassNotFoundException': org/springframework/beans/factory/AwareCustomizer> (0x00000000d688c088) thrown at [C:\jenkins\workspace\8-2-build-windows-amd64-cygwin\jdk8u311\1894\hotspot\src\share\vm\classfile\systemDictionary.cpp, line
Event: 2.546 Thread 0x00000163bd2b6800 Exception <a 'java/lang/ClassNotFoundException': org/springframework/beans/factory/BeanClassLoaderAwareCustomizer> (0x00000000d6935198) thrown at [C:\jenkins\workspace\8-2-build-windows-amd64-cygwin\jdk8u311\1894\hotspot\src\share\vm\classfile\systemDicti
Event: 2.547 Thread 0x00000163bd2b6800 Exception <a 'java/lang/ClassNotFoundException': org/springframework/beans/factory/AwareCustomizer> (0x00000000d6949310) thrown at [C:\jenkins\workspace\8-2-build-windows-amd64-cygwin\jdk8u311\1894\hotspot\src\share\vm\classfile\systemDictionary.cpp, line
Event: 2.548 Thread 0x00000163bd2b6800 Exception <a 'java/lang/ClassNotFoundException': org/springframework/context/EnvironmentAwareCustomizer> (0x00000000d695d670) thrown at [C:\jenkins\workspace\8-2-build-windows-amd64-cygwin\jdk8u311\1894\hotspot\src\share\vm\classfile\systemDictionary.cpp,
Event: 2.549 Thread 0x00000163bd2b6800 Exception <a 'java/lang/ClassNotFoundException': org/springframework/beans/factory/AwareCustomizer> (0x00000000d69716c8) thrown at [C:\jenkins\workspace\8-2-build-windows-amd64-cygwin\jdk8u311\1894\hotspot\src\share\vm\classfile\systemDictionary.cpp, line
Event: 2.831 Thread 0x00000163bdaef000 Exception <a 'java/lang/IncompatibleClassChangeError': Found class java.lang.Object, but interface was expected> (0x00000000d78f3578) thrown at [C:\jenkins\workspace\8-2-build-windows-amd64-cygwin\jdk8u311\1894\hotspot\src\share\vm\interpreter\linkResolve
Event: 2.917 Thread 0x00000163bd2b6800 Exception <a 'java/lang/NoSuchMethodError': java.lang.Object.lambda$or$2(Ljava/util/function/Predicate;Ljava/lang/Object;)Z> (0x00000000d7d54678) thrown at [C:\jenkins\workspace\8-2-build-windows-amd64-cygwin\jdk8u311\1894\hotspot\src\share\vm\interpreter
Event: 3.084 Thread 0x00000163bd2b6800 Exception <a 'java/lang/IncompatibleClassChangeError': Found class java.lang.Object, but interface was expected> (0x00000000d8750930) thrown at [C:\jenkins\workspace\8-2-build-windows-amd64-cygwin\jdk8u311\1894\hotspot\src\share\vm\interpreter\linkResolve
Event: 3.127 Thread 0x00000163bd2b6800 Exception <a 'java/lang/NoSuchMethodError': java.lang.Object.lambda$getAllAnnotationAttributes$0(Lorg/springframework/util/MultiValueMap;)Lorg/springframework/util/MultiValueMap;> (0x00000000d89b5f28) thrown at [C:\jenkins\workspace\8-2-build-windows-amd6
Event: 3.128 Thread 0x00000163bd2b6800 Exception <a 'java/lang/NoSuchMethodError': java.lang.Object.lambda$identity$2(Ljava/lang/Object;)Ljava/lang/Object;> (0x00000000d89c89a0) thrown at [C:\jenkins\workspace\8-2-build-windows-amd64-cygwin\jdk8u311\1894\hotspot\src\share\vm\interpreter\linkRe

Events (10 events):
Event: 4.135 loading class org/springframework/asm/Label
Event: 4.135 loading class org/springframework/asm/Label done
Event: 4.136 loading class org/springframework/cglib/core/EmitUtils$ArrayDelimiters
Event: 4.136 loading class org/springframework/cglib/core/EmitUtils$ArrayDelimiters done
Event: 4.137 loading class org/springframework/asm/Frame
Event: 4.137 loading class org/springframework/asm/Frame done
Event: 4.138 loading class org/springframework/asm/CurrentFrame
Event: 4.138 loading class org/springframework/asm/CurrentFrame done
Event: 4.139 loading class org/springframework/asm/MethodTooLargeException
Event: 4.139 loading class org/springframework/asm/MethodTooLargeException done


Dynamic libraries:
0x00007ff604b10000 - 0x00007ff604b57000 	C:\Program Files\Java\jdk1.8.0_311\bin\java.exe
0x00007ffce0eb0000 - 0x00007ffce10a5000 	C:\Windows\SYSTEM32\ntdll.dll
0x00007ffce09b0000 - 0x00007ffce0a6e000 	C:\Windows\System32\KERNEL32.DLL
0x00007ffcde900000 - 0x00007ffcdebc8000 	C:\Windows\System32\KERNELBASE.dll
0x00007ffcdfa70000 - 0x00007ffcdfb1e000 	C:\Windows\System32\ADVAPI32.dll
0x00007ffce0dd0000 - 0x00007ffce0e6e000 	C:\Windows\System32\msvcrt.dll
0x00007ffce07f0000 - 0x00007ffce088c000 	C:\Windows\System32\sechost.dll
0x00007ffcdfc50000 - 0x00007ffcdfd75000 	C:\Windows\System32\RPCRT4.dll
0x00007ffcdf6f0000 - 0x00007ffcdf891000 	C:\Windows\System32\USER32.dll
0x00007ffcded20000 - 0x00007ffcded42000 	C:\Windows\System32\win32u.dll
0x00007ffce0b60000 - 0x00007ffce0b8b000 	C:\Windows\System32\GDI32.dll
0x00007ffcded50000 - 0x00007ffcdee5d000 	C:\Windows\System32\gdi32full.dll
0x00007ffcdec80000 - 0x00007ffcded1d000 	C:\Windows\System32\msvcp_win.dll
0x00007ffcde770000 - 0x00007ffcde870000 	C:\Windows\System32\ucrtbase.dll
0x00007ffcced50000 - 0x00007ffccefea000 	C:\Windows\WinSxS\amd64_microsoft.windows.common-controls_6595b64144ccf1df_6.0.19041.1110_none_60b5254171f9507e\COMCTL32.dll
0x00007ffce0330000 - 0x00007ffce0360000 	C:\Windows\System32\IMM32.DLL
0x00007ffcd63e0000 - 0x00007ffcd63f5000 	C:\Program Files\Java\jdk1.8.0_311\jre\bin\vcruntime140.dll
0x00007ffcb25a0000 - 0x00007ffcb263b000 	C:\Program Files\Java\jdk1.8.0_311\jre\bin\msvcp140.dll
0x0000000060d20000 - 0x0000000061580000 	C:\Program Files\Java\jdk1.8.0_311\jre\bin\server\jvm.dll
0x00007ffcdf8a0000 - 0x00007ffcdf8a8000 	C:\Windows\System32\PSAPI.DLL
0x00007ffcd86a0000 - 0x00007ffcd86a9000 	C:\Windows\SYSTEM32\WSOCK32.dll
0x00007ffce0780000 - 0x00007ffce07eb000 	C:\Windows\System32\WS2_32.dll
0x00007ffcce220000 - 0x00007ffcce247000 	C:\Windows\SYSTEM32\WINMM.dll
0x00007ffcd7f20000 - 0x00007ffcd7f2a000 	C:\Windows\SYSTEM32\VERSION.dll
0x00007ffcdce70000 - 0x00007ffcdce82000 	C:\Windows\SYSTEM32\kernel.appcore.dll
0x00007ffcd8690000 - 0x00007ffcd86a0000 	C:\Program Files\Java\jdk1.8.0_311\jre\bin\verify.dll
0x00007ffcbd070000 - 0x00007ffcbd09b000 	C:\Program Files\Java\jdk1.8.0_311\jre\bin\java.dll
0x00007ffcd57a0000 - 0x00007ffcd57b8000 	C:\Program Files\Java\jdk1.8.0_311\jre\bin\zip.dll
0x00007ffcdeef0000 - 0x00007ffcdf634000 	C:\Windows\System32\SHELL32.dll
0x00007ffcdc3c0000 - 0x00007ffcdcb55000 	C:\Windows\SYSTEM32\windows.storage.dll
0x00007ffce03c0000 - 0x00007ffce0715000 	C:\Windows\System32\combase.dll
0x00007ffcde010000 - 0x00007ffcde03e000 	C:\Windows\SYSTEM32\Wldp.dll
0x00007ffcdf640000 - 0x00007ffcdf6ed000 	C:\Windows\System32\SHCORE.dll
0x00007ffcdfbf0000 - 0x00007ffcdfc45000 	C:\Windows\System32\shlwapi.dll
0x00007ffcde500000 - 0x00007ffcde51f000 	C:\Windows\SYSTEM32\profapi.dll
0x00007ffcd8740000 - 0x00007ffcd874d000 	C:\Program Files\Java\jdk1.8.0_311\jre\bin\management.dll
0x00007ffcd5280000 - 0x00007ffcd529c000 	C:\Program Files\Java\jdk1.8.0_311\jre\bin\net.dll
0x00007ffcddd70000 - 0x00007ffcdddda000 	C:\Windows\system32\mswsock.dll
0x00007ffcb73f0000 - 0x00007ffcb7407000 	C:\Windows\system32\napinsp.dll
0x00007ffcb5240000 - 0x00007ffcb525b000 	C:\Windows\system32\pnrpnsp.dll
0x00007ffcd9200000 - 0x00007ffcd9215000 	C:\Windows\system32\wshbth.dll
0x00007ffcd7a20000 - 0x00007ffcd7a3d000 	C:\Windows\system32\NLAapi.dll
0x00007ffcdda10000 - 0x00007ffcdda4b000 	C:\Windows\SYSTEM32\IPHLPAPI.DLL
0x00007ffcdda50000 - 0x00007ffcddb1b000 	C:\Windows\SYSTEM32\DNSAPI.dll
0x00007ffce0bb0000 - 0x00007ffce0bb8000 	C:\Windows\System32\NSI.dll
0x00007ffcb5220000 - 0x00007ffcb5232000 	C:\Windows\System32\winrnr.dll
0x00007ffcd3cd0000 - 0x00007ffcd3cda000 	C:\Windows\System32\rasadhlp.dll
0x00007ffcd3d00000 - 0x00007ffcd3d7f000 	C:\Windows\System32\fwpuclnt.dll
0x00007ffcde870000 - 0x00007ffcde897000 	C:\Windows\System32\bcrypt.dll
0x00007ffcd2c60000 - 0x00007ffcd2c73000 	C:\Program Files\Java\jdk1.8.0_311\jre\bin\nio.dll
0x00007ffcdcb70000 - 0x00007ffcdcd54000 	C:\Windows\SYSTEM32\dbghelp.dll
0x00007ffcdee60000 - 0x00007ffcdeee2000 	C:\Windows\System32\bcryptPrimitives.dll

VM Arguments:
java_command: com.example.timesheetclient.TimesheetClientApplication
java_class_path (initial): C:\Users\ASUS\Documents\NetBeansProjects\timesheet-client\target\classes;C:\Users\ASUS\.m2\repository\org\springframework\boot\spring-boot-starter-thymeleaf\2.5.5\spring-boot-starter-thymeleaf-2.5.5.jar;C:\Users\ASUS\.m2\repository\org\springframework\boot\spring-boot-starter\2.5.5\spring-boot-starter-2.5.5.jar;C:\Users\ASUS\.m2\repository\org\springframework\boot\spring-boot-starter-logging\2.5.5\spring-boot-starter-logging-2.5.5.jar;C:\Users\ASUS\.m2\repository\ch\qos\logback\logback-classic\1.2.6\logback-classic-1.2.6.jar;C:\Users\ASUS\.m2\repository\ch\qos\logback\logback-core\1.2.6\logback-core-1.2.6.jar;C:\Users\ASUS\.m2\repository\org\apache\logging\log4j\log4j-to-slf4j\2.14.1\log4j-to-slf4j-2.14.1.jar;C:\Users\ASUS\.m2\repository\org\apache\logging\log4j\log4j-api\2.14.1\log4j-api-2.14.1.jar;C:\Users\ASUS\.m2\repository\org\slf4j\jul-to-slf4j\1.7.32\jul-to-slf4j-1.7.32.jar;C:\Users\ASUS\.m2\repository\jakarta\annotation\jakarta.annotation-api\1.3.5\jakarta.annotation-api-1.3.5.jar;C:\Users\ASUS\.m2\repository\org\yaml\snakeyaml\1.28\snakeyaml-1.28.jar;C:\Users\ASUS\.m2\repository\org\thymeleaf\thymeleaf-spring5\3.0.12.RELEASE\thymeleaf-spring5-3.0.12.RELEASE.jar;C:\Users\ASUS\.m2\repository\org\thymeleaf\extras\thymeleaf-extras-java8time\3.0.4.RELEASE\thymeleaf-extras-java8time-3.0.4.RELEASE.jar;C:\Users\ASUS\.m2\repository\com\fasterxml\jackson\core\jackson-annotations\2.12.5\jackson-annotations-2.12.5.jar;C:\Users\ASUS\.m2\repository\com\fasterxml\jackson\core\jackson-core\2.12.5\jackson-core-2.12.5.jar;C:\Users\ASUS\.m2\repository\com\fasterxml\jackson\core\jackson-databind\2.12.5\jackson-databind-2.12.5.jar;C:\Users\ASUS\.m2\repository\org\apache\poi\poi-ooxml\4.1.0\poi-ooxml-4.1.0.jar;C:\Users\ASUS\.m2\repository\org\apache\poi\poi\4.1.0\poi-4.1.0.jar;C:\Users\ASUS\.m2\repository\commons-codec\commons-codec\1.15\commons-codec-1.15.jar;C:\Users\ASUS\.m2\repository\org\apache\commons\commons-collections4\4.3\commons-collection
Launcher Type: SUN_STANDARD

Environment Variables:
JAVA_HOME=C:\Program Files\Java\jdk1.8.0_311
PATH=C:\Program Files (x86)\Common Files\Oracle\Java\javapath;C:\Program Files\Java\jre1.8.0_221\bin;C:\Windows\system32;C:\Windows;C:\Windows\System32\Wbem;C:\Windows\System32\WindowsPowerShell\v1.0\;C:\Windows\System32\OpenSSH\;C:\Users\ASUS\AppData\Local\Microsoft\WindowsApps;C:\Users\ASUS\AppData\Local\GitHubDesktop\bin;C:\Users\ASUS\AppData\Local\Programs\Microsoft VS Code\bin
USERNAME=ASUS
OS=Windows_NT
PROCESSOR_IDENTIFIER=Intel64 Family 6 Model 142 Stepping 10, GenuineIntel



---------------  S Y S T E M  ---------------

OS: Windows 10.0 , 64 bit Build 19041 (10.0.19041.1466)

CPU:total 8 (initial active 8) (4 cores per cpu, 2 threads per core) family 6 model 142 stepping 10, cmov, cx8, fxsr, mmx, sse, sse2, sse3, ssse3, sse4.1, sse4.2, popcnt, avx, avx2, aes, clmul, erms, 3dnowpref, lzcnt, ht, tsc, tscinvbit, bmi1, bmi2, adx

Memory: 4k page, physical 8267536k(427940k free), swap 24435604k(1048k free)

vm_info: Java HotSpot(TM) 64-Bit Server VM (25.311-b11) for windows-amd64 JRE (1.8.0_311-b11), built on Sep 27 2021 05:15:14 by "java_re" with MS VC++ 15.9 (VS2017)

time: Fri Jan 21 09:45:31 2022
timezone: SE Asia Standard Time
elapsed time: 4.181117 seconds (0d 0h 0m 4s)

